[2022-09-23 22:17:15,371] INFO [Broker id=2] Handling LeaderAndIsr request correlationId 2 from controller 1 for 2 partitions (state.change.logger)
[2022-09-23 22:17:15,438] INFO [Broker id=2] Stopped fetchers as part of LeaderAndIsr request correlationId 2 from controller 1 epoch 1 as part of the become-leader transition for 1 partitions (state.change.logger)
[2022-09-23 22:17:15,649] INFO [Broker id=2] Leader example-topic-1 starts at leader epoch 0 from offset 0 with high watermark 0 ISR [2,1] addingReplicas [] removingReplicas []. Previous leader epoch was -1. (state.change.logger)
[2022-09-23 22:17:15,772] INFO [Broker id=2] Follower example-topic-2 starts at leader epoch 0 from offset 0 with high watermark 0. Previous leader epoch was -1. (state.change.logger)
[2022-09-23 22:17:15,774] INFO [Broker id=2] Stopped fetchers as part of become-follower request from controller 1 epoch 1 with correlation id 2 for 1 partitions (state.change.logger)
[2022-09-23 22:17:16,017] INFO [Broker id=2] Finished LeaderAndIsr request in 638ms correlationId 2 from controller 1 for 2 partitions (state.change.logger)
[2022-09-23 22:17:16,110] INFO [Broker id=2] Add 3 partitions and deleted 0 partitions from metadata cache in response to UpdateMetadata request sent by controller 1 epoch 1 with correlation id 3 (state.change.logger)
[2022-09-23 22:19:27,067] INFO [Broker id=2] Handling LeaderAndIsr request correlationId 4 from controller 1 for 16 partitions (state.change.logger)
[2022-09-23 22:19:27,126] INFO [Broker id=2] Stopped fetchers as part of LeaderAndIsr request correlationId 4 from controller 1 epoch 1 as part of the become-leader transition for 16 partitions (state.change.logger)
[2022-09-23 22:19:27,207] INFO [Broker id=2] Leader __consumer_offsets-35 starts at leader epoch 0 from offset 0 with high watermark 0 ISR [2] addingReplicas [] removingReplicas []. Previous leader epoch was -1. (state.change.logger)
[2022-09-23 22:19:27,284] INFO [Broker id=2] Leader __consumer_offsets-5 starts at leader epoch 0 from offset 0 with high watermark 0 ISR [2] addingReplicas [] removingReplicas []. Previous leader epoch was -1. (state.change.logger)
[2022-09-23 22:19:27,364] INFO [Broker id=2] Leader __consumer_offsets-20 starts at leader epoch 0 from offset 0 with high watermark 0 ISR [2] addingReplicas [] removingReplicas []. Previous leader epoch was -1. (state.change.logger)
[2022-09-23 22:19:27,476] INFO [Broker id=2] Leader __consumer_offsets-41 starts at leader epoch 0 from offset 0 with high watermark 0 ISR [2] addingReplicas [] removingReplicas []. Previous leader epoch was -1. (state.change.logger)
[2022-09-23 22:19:27,569] INFO [Broker id=2] Leader __consumer_offsets-29 starts at leader epoch 0 from offset 0 with high watermark 0 ISR [2] addingReplicas [] removingReplicas []. Previous leader epoch was -1. (state.change.logger)
[2022-09-23 22:19:27,686] INFO [Broker id=2] Leader __consumer_offsets-44 starts at leader epoch 0 from offset 0 with high watermark 0 ISR [2] addingReplicas [] removingReplicas []. Previous leader epoch was -1. (state.change.logger)
[2022-09-23 22:19:27,797] INFO [Broker id=2] Leader __consumer_offsets-14 starts at leader epoch 0 from offset 0 with high watermark 0 ISR [2] addingReplicas [] removingReplicas []. Previous leader epoch was -1. (state.change.logger)
[2022-09-23 22:19:27,924] INFO [Broker id=2] Leader __consumer_offsets-2 starts at leader epoch 0 from offset 0 with high watermark 0 ISR [2] addingReplicas [] removingReplicas []. Previous leader epoch was -1. (state.change.logger)
[2022-09-23 22:19:28,017] INFO [Broker id=2] Leader __consumer_offsets-23 starts at leader epoch 0 from offset 0 with high watermark 0 ISR [2] addingReplicas [] removingReplicas []. Previous leader epoch was -1. (state.change.logger)
[2022-09-23 22:19:28,147] INFO [Broker id=2] Leader __consumer_offsets-38 starts at leader epoch 0 from offset 0 with high watermark 0 ISR [2] addingReplicas [] removingReplicas []. Previous leader epoch was -1. (state.change.logger)
[2022-09-23 22:19:28,298] INFO [Broker id=2] Leader __consumer_offsets-8 starts at leader epoch 0 from offset 0 with high watermark 0 ISR [2] addingReplicas [] removingReplicas []. Previous leader epoch was -1. (state.change.logger)
[2022-09-23 22:19:28,394] INFO [Broker id=2] Leader __consumer_offsets-11 starts at leader epoch 0 from offset 0 with high watermark 0 ISR [2] addingReplicas [] removingReplicas []. Previous leader epoch was -1. (state.change.logger)
[2022-09-23 22:19:28,487] INFO [Broker id=2] Leader __consumer_offsets-26 starts at leader epoch 0 from offset 0 with high watermark 0 ISR [2] addingReplicas [] removingReplicas []. Previous leader epoch was -1. (state.change.logger)
[2022-09-23 22:19:28,598] INFO [Broker id=2] Leader __consumer_offsets-47 starts at leader epoch 0 from offset 0 with high watermark 0 ISR [2] addingReplicas [] removingReplicas []. Previous leader epoch was -1. (state.change.logger)
[2022-09-23 22:19:28,674] INFO [Broker id=2] Leader __consumer_offsets-17 starts at leader epoch 0 from offset 0 with high watermark 0 ISR [2] addingReplicas [] removingReplicas []. Previous leader epoch was -1. (state.change.logger)
[2022-09-23 22:19:28,784] INFO [Broker id=2] Leader __consumer_offsets-32 starts at leader epoch 0 from offset 0 with high watermark 0 ISR [2] addingReplicas [] removingReplicas []. Previous leader epoch was -1. (state.change.logger)
[2022-09-23 22:19:28,901] INFO [Broker id=2] Finished LeaderAndIsr request in 1834ms correlationId 4 from controller 1 for 16 partitions (state.change.logger)
[2022-09-23 22:19:28,927] INFO [Broker id=2] Add 50 partitions and deleted 0 partitions from metadata cache in response to UpdateMetadata request sent by controller 1 epoch 1 with correlation id 5 (state.change.logger)
